08-08-2018 16:17:22.034 [main] INFO  com.cg.MyApplication.logStarting - Starting MyApplication on DIN34002994 with PID 9076 (C:\Users\sogour\Documents\workspace-sts-3.9.4.RELEASE\myApp\target\classes started by sogour in C:\Users\sogour\Documents\workspace-sts-3.9.4.RELEASE\myApp)
08-08-2018 16:17:22.034 [main] INFO  com.cg.MyApplication.logStartupProfileInfo - No active profile set, falling back to default profiles: default
08-08-2018 16:17:22.074 [main] INFO  o.s.b.w.s.c.AnnotationConfigServletWebServerApplicationContext.prepareRefresh - Refreshing org.springframework.boot.web.servlet.context.AnnotationConfigServletWebServerApplicationContext@6ac13091: startup date [Wed Aug 08 16:17:22 IST 2018]; root of context hierarchy
08-08-2018 16:17:22.856 [main] INFO  o.s.b.w.e.tomcat.TomcatWebServer.initialize - Tomcat initialized with port(s): 8080 (http)
08-08-2018 16:17:22.867 [main] INFO  o.a.catalina.core.StandardService.log - Starting service [Tomcat]
08-08-2018 16:17:22.867 [main] INFO  o.a.catalina.core.StandardEngine.log - Starting Servlet Engine: Apache Tomcat/8.5.31
08-08-2018 16:17:22.869 [localhost-startStop-1] INFO  o.a.c.core.AprLifecycleListener.log - The APR based Apache Tomcat Native library which allows optimal performance in production environments was not found on the java.library.path: [C:\Program Files\Java\jdk1.8.0_172\bin;C:\WINDOWS\Sun\Java\bin;C:\WINDOWS\system32;C:\WINDOWS;C:/Program Files/Java/jre1.8.0_172/bin/server;C:/Program Files/Java/jre1.8.0_172/bin;C:/Program Files/Java/jre1.8.0_172/lib/amd64;C:\Program Files (x86)\Common Files\Oracle\Java\javapath;C:\WINDOWS\system32;C:\WINDOWS;C:\WINDOWS\System32\Wbem;C:\WINDOWS\System32\WindowsPowerShell\v1.0\;C:\Program Files (x86)\QuickTime\QTSystem\;C:\Program Files\CapgeminiScripts\Support Tools\;C:\WINDOWS\System32\WindowsPowerShell\v1.0\;C:\Program Files\Java\jdk1.8.0_172\bin;C:\Users\sogour\AppData\Local\Programs\Git\cmd;D:\softwares\spring-tool-suite-3.9.4.RELEASE-e4.7.3a-win32-x86_64\sts-bundle\sts-3.9.4.RELEASE;;.]
08-08-2018 16:17:22.960 [localhost-startStop-1] INFO  o.a.c.c.C.[Tomcat].[localhost].[/].log - Initializing Spring embedded WebApplicationContext
08-08-2018 16:17:22.960 [localhost-startStop-1] INFO  o.s.web.context.ContextLoader.prepareWebApplicationContext - Root WebApplicationContext: initialization completed in 886 ms
08-08-2018 16:17:23.070 [localhost-startStop-1] INFO  o.s.b.w.s.ServletRegistrationBean.addRegistration - Servlet dispatcherServlet mapped to [/]
08-08-2018 16:17:23.070 [localhost-startStop-1] INFO  o.s.b.w.s.FilterRegistrationBean.configure - Mapping filter: 'characterEncodingFilter' to: [/*]
08-08-2018 16:17:23.070 [localhost-startStop-1] INFO  o.s.b.w.s.FilterRegistrationBean.configure - Mapping filter: 'hiddenHttpMethodFilter' to: [/*]
08-08-2018 16:17:23.070 [localhost-startStop-1] INFO  o.s.b.w.s.FilterRegistrationBean.configure - Mapping filter: 'httpPutFormContentFilter' to: [/*]
08-08-2018 16:17:23.070 [localhost-startStop-1] INFO  o.s.b.w.s.FilterRegistrationBean.configure - Mapping filter: 'requestContextFilter' to: [/*]
08-08-2018 16:17:23.271 [main] INFO  o.s.w.s.h.SimpleUrlHandlerMapping.registerHandler - Mapped URL path [/**/favicon.ico] onto handler of type [class org.springframework.web.servlet.resource.ResourceHttpRequestHandler]
08-08-2018 16:17:23.401 [main] INFO  o.s.w.s.m.m.a.RequestMappingHandlerAdapter.initControllerAdviceCache - Looking for @ControllerAdvice: org.springframework.boot.web.servlet.context.AnnotationConfigServletWebServerApplicationContext@6ac13091: startup date [Wed Aug 08 16:17:22 IST 2018]; root of context hierarchy
08-08-2018 16:17:23.441 [main] INFO  o.s.w.s.m.m.a.RequestMappingHandlerMapping.register - Mapped "{[/booking/resort/{guestID}],methods=[POST]}" onto public org.springframework.http.ResponseEntity<java.lang.Object> com.cg.restcontroller.BookingController.bookResort(com.cg.entities.Resort,long)
08-08-2018 16:17:23.451 [main] INFO  o.s.w.s.m.m.a.RequestMappingHandlerMapping.register - Mapped "{[/booking/update/resort/{resortBookingId}],methods=[PUT]}" onto public org.springframework.http.ResponseEntity<java.lang.Object> com.cg.restcontroller.BookingController.updateBookResort(com.cg.entities.Resort,long)
08-08-2018 16:17:23.451 [main] INFO  o.s.w.s.m.m.a.RequestMappingHandlerMapping.register - Mapped "{[/booking/cancel/resort/{resortBookingId}],methods=[PUT]}" onto public org.springframework.http.ResponseEntity<java.lang.Object> com.cg.restcontroller.BookingController.cancelBookResort(long)
08-08-2018 16:17:23.451 [main] INFO  o.s.w.s.m.m.a.RequestMappingHandlerMapping.register - Mapped "{[/booking/dining/{guestID}],methods=[POST]}" onto public org.springframework.http.ResponseEntity<java.lang.Object> com.cg.restcontroller.BookingController.bookDining(com.cg.entities.Dining,long)
08-08-2018 16:17:23.451 [main] INFO  o.s.w.s.m.m.a.RequestMappingHandlerMapping.register - Mapped "{[/booking/update/dining/{diningBookingId}],methods=[PUT]}" onto public org.springframework.http.ResponseEntity<java.lang.Object> com.cg.restcontroller.BookingController.updateBookedDining(com.cg.entities.Dining,long)
08-08-2018 16:17:23.451 [main] INFO  o.s.w.s.m.m.a.RequestMappingHandlerMapping.register - Mapped "{[/booking/cancel/dining/{diningBookingId}],methods=[PUT]}" onto public org.springframework.http.ResponseEntity<java.lang.Object> com.cg.restcontroller.BookingController.cancelBookedDining(long)
08-08-2018 16:17:23.451 [main] INFO  o.s.w.s.m.m.a.RequestMappingHandlerMapping.register - Mapped "{[/guest/register],methods=[POST]}" onto public org.springframework.http.ResponseEntity<java.lang.Object> com.cg.restcontroller.GuestController.registerGuest(com.cg.entities.Guest)
08-08-2018 16:17:23.451 [main] INFO  o.s.w.s.m.m.a.RequestMappingHandlerMapping.register - Mapped "{[/guest/update/{guestID}],methods=[PUT]}" onto public org.springframework.http.ResponseEntity<java.lang.Object> com.cg.restcontroller.GuestController.updateGuest(com.cg.entities.Guest,long)
08-08-2018 16:17:23.451 [main] INFO  o.s.w.s.m.m.a.RequestMappingHandlerMapping.register - Mapped "{[/guest/login],methods=[POST]}" onto public org.springframework.http.ResponseEntity<java.lang.Object> com.cg.restcontroller.GuestController.loginGuest(com.cg.entities.Guest)
08-08-2018 16:17:23.451 [main] INFO  o.s.w.s.m.m.a.RequestMappingHandlerMapping.register - Mapped "{[/guest/view/{guestID}],methods=[GET]}" onto public java.util.List<java.lang.Object> com.cg.restcontroller.GuestController.viewItenarary(long)
08-08-2018 16:17:23.451 [main] INFO  o.s.w.s.m.m.a.RequestMappingHandlerMapping.register - Mapped "{[/error]}" onto public org.springframework.http.ResponseEntity<java.util.Map<java.lang.String, java.lang.Object>> org.springframework.boot.autoconfigure.web.servlet.error.BasicErrorController.error(javax.servlet.http.HttpServletRequest)
08-08-2018 16:17:23.451 [main] INFO  o.s.w.s.m.m.a.RequestMappingHandlerMapping.register - Mapped "{[/error],produces=[text/html]}" onto public org.springframework.web.servlet.ModelAndView org.springframework.boot.autoconfigure.web.servlet.error.BasicErrorController.errorHtml(javax.servlet.http.HttpServletRequest,javax.servlet.http.HttpServletResponse)
08-08-2018 16:17:23.471 [main] INFO  o.s.w.s.h.SimpleUrlHandlerMapping.registerHandler - Mapped URL path [/webjars/**] onto handler of type [class org.springframework.web.servlet.resource.ResourceHttpRequestHandler]
08-08-2018 16:17:23.471 [main] INFO  o.s.w.s.h.SimpleUrlHandlerMapping.registerHandler - Mapped URL path [/**] onto handler of type [class org.springframework.web.servlet.resource.ResourceHttpRequestHandler]
08-08-2018 16:17:23.633 [main] INFO  o.s.j.e.a.AnnotationMBeanExporter.afterSingletonsInstantiated - Registering beans for JMX exposure on startup
08-08-2018 16:17:23.633 [main] INFO  o.s.j.e.a.AnnotationMBeanExporter.autodetect - Bean with name 'dataSource' has been autodetected for JMX exposure
08-08-2018 16:17:23.643 [main] INFO  o.s.j.e.a.AnnotationMBeanExporter.registerBeanInstance - Located MBean 'dataSource': registering with JMX server as MBean [com.zaxxer.hikari:name=dataSource,type=HikariDataSource]
08-08-2018 16:17:23.673 [main] INFO  o.s.b.w.e.tomcat.TomcatWebServer.start - Tomcat started on port(s): 8080 (http) with context path ''
08-08-2018 16:17:23.673 [main] INFO  com.cg.MyApplication.logStarted - Started MyApplication in 1.876 seconds (JVM running for 2.614)
08-08-2018 16:17:23.673 [main] INFO  MyApplication.class.main - My Itinerary Application Started.
08-08-2018 16:18:01.650 [http-nio-8080-exec-1] INFO  o.a.c.c.C.[Tomcat].[localhost].[/].log - Initializing Spring FrameworkServlet 'dispatcherServlet'
08-08-2018 16:18:01.651 [http-nio-8080-exec-1] INFO  o.s.web.servlet.DispatcherServlet.initServletBean - FrameworkServlet 'dispatcherServlet': initialization started
08-08-2018 16:18:01.671 [http-nio-8080-exec-1] INFO  o.s.web.servlet.DispatcherServlet.initServletBean - FrameworkServlet 'dispatcherServlet': initialization completed in 19 ms
08-08-2018 16:21:05.973 [http-nio-8080-exec-2] INFO  c.cg.restcontroller.GuestController.registerGuest - GuestController:Executing Creating Guest Method.
08-08-2018 16:21:05.979 [http-nio-8080-exec-2] INFO  com.zaxxer.hikari.HikariDataSource.getConnection - HikariPool-1 - Starting...
08-08-2018 16:21:06.158 [http-nio-8080-exec-2] INFO  com.zaxxer.hikari.HikariDataSource.getConnection - HikariPool-1 - Start completed.
08-08-2018 16:21:06.165 [http-nio-8080-exec-2] INFO  com.cg.service.GuestServiceImpl.registerGuest - GuestServiceImpl: Executing registerGuest method.
08-08-2018 16:21:06.168 [http-nio-8080-exec-2] INFO  com.cg.dao.GuestDAOImpl.registerGuest - GuestDAOImpl:	Executing Guest Registering .
08-08-2018 16:21:06.209 [http-nio-8080-exec-2] INFO  com.cg.dao.GuestDAOImpl.registerGuest - GuestDAOImpl:	New Guest is registered.
08-08-2018 16:21:06.400 [http-nio-8080-exec-2] INFO  c.cg.restcontroller.GuestController.registerGuest - GuestController:New Guest is registered and Guest Entity is returned as response.
08-08-2018 16:21:22.593 [RMI TCP Connection(2)-127.0.0.1] INFO  o.s.b.a.SpringApplicationAdminMXBeanRegistrar$SpringApplicationAdmin.shutdown - Application shutdown requested.
08-08-2018 16:21:22.593 [RMI TCP Connection(2)-127.0.0.1] INFO  o.s.b.w.s.c.AnnotationConfigServletWebServerApplicationContext.doClose - Closing org.springframework.boot.web.servlet.context.AnnotationConfigServletWebServerApplicationContext@6ac13091: startup date [Wed Aug 08 16:17:22 IST 2018]; root of context hierarchy
08-08-2018 16:21:22.593 [RMI TCP Connection(2)-127.0.0.1] INFO  o.s.j.e.a.AnnotationMBeanExporter.destroy - Unregistering JMX-exposed beans on shutdown
08-08-2018 16:21:22.593 [RMI TCP Connection(2)-127.0.0.1] INFO  o.s.j.e.a.AnnotationMBeanExporter.unregisterBeans - Unregistering JMX-exposed beans
08-08-2018 16:21:22.593 [RMI TCP Connection(2)-127.0.0.1] INFO  com.zaxxer.hikari.HikariDataSource.close - HikariPool-1 - Shutdown initiated...
08-08-2018 16:21:22.594 [RMI TCP Connection(2)-127.0.0.1] INFO  com.zaxxer.hikari.HikariDataSource.close - HikariPool-1 - Shutdown completed.
